<html>
<head>
<title>TestNG:  goldsikkaTest</title>
<link href="../testng.css" rel="stylesheet" type="text/css" />
<link href="../my-testng.css" rel="stylesheet" type="text/css" />

<style type="text/css">
.log { display: none;} 
.stack-trace { display: none;} 
</style>
<script type="text/javascript">
<!--
function flip(e) {
  current = e.style.display;
  if (current == 'block') {
    e.style.display = 'none';
    return 0;
  }
  else {
    e.style.display = 'block';
    return 1;
  }
}

function toggleBox(szDivId, elem, msg1, msg2)
{
  var res = -1;  if (document.getElementById) {
    res = flip(document.getElementById(szDivId));
  }
  else if (document.all) {
    // this is the way old msie versions work
    res = flip(document.all[szDivId]);
  }
  if(elem) {
    if(res == 0) elem.innerHTML = msg1; else elem.innerHTML = msg2;
  }

}

function toggleAllBoxes() {
  if (document.getElementsByTagName) {
    d = document.getElementsByTagName('div');
    for (i = 0; i < d.length; i++) {
      if (d[i].className == 'log') {
        flip(d[i]);
      }
    }
  }
}

// -->
</script>

</head>
<body>
<h2 align='center'>goldsikkaTest</h2><table border='1' align="center">
<tr>
<td>Tests passed/Failed/Skipped:</td><td>13/1/0</td>
</tr><tr>
<td>Started on:</td><td>Sat May 06 10:07:49 IST 2023</td>
</tr>
<tr><td>Total time:</td><td>455 seconds (455076 ms)</td>
</tr><tr>
<td>Included groups:</td><td></td>
</tr><tr>
<td>Excluded groups:</td><td></td>
</tr>
</table><p/>
<small><i>(Hover the method name to see the test class name)</i></small><p/>
<table width='100%' border='1' class='invocation-failed'>
<tr><td colspan='4' align='center'><b>FAILED TESTS</b></td></tr>
<tr><td><b>Test method</b></td>
<td width="30%"><b>Exception</b></td>
<td width="10%"><b>Time (seconds)</b></td>
<td><b>Instance</b></td>
</tr>
<tr>
<td title='goldsuvidha.redeemtestng.test1()'><b>test1</b><br>Test class: goldsuvidha.redeemtestng</td>
<td><div><pre>org.openqa.selenium.ElementClickInterceptedException: element click intercepted: Element &lt;button _ngcontent-qrr-c52=&quot;&quot; type=&quot;submit&quot; class=&quot;btn btn-primary btn-block btn-md&quot;&gt;...&lt;/button&gt; is not clickable at point (668, 326). Other element would receive the click: &lt;input _ngcontent-qrr-c52=&quot;&quot; formcontrolname=&quot;email&quot; type=&quot;text&quot; placeholder=&quot;Email / mobile number&quot; required=&quot;&quot; autofocus=&quot;&quot; tabindex=&quot;1&quot; class=&quot;form-control ng-dirty ng-valid ng-touched&quot;&gt;
  (Session info: chrome=112.0.5615.138)
Build info: version: &apos;3.141.59&apos;, revision: &apos;e82be7d358&apos;, time: &apos;2018-11-14T08:17:03&apos;
System info: host: &apos;DESKTOP-4S0UVB3&apos;, ip: &apos;192.168.20.208&apos;, os.name: &apos;Windows 10&apos;, os.arch: &apos;amd64&apos;, os.version: &apos;10.0&apos;, java.version: &apos;17.0.6&apos;
Driver info: org.openqa.selenium.chrome.ChromeDriver
Capabilities {acceptInsecureCerts: false, browserName: chrome, browserVersion: 112.0.5615.138, chrome: {chromedriverVersion: 111.0.5563.64 (c710e93d5b63..., userDataDir: C:\Users\Admin\AppData\Loca...}, goog:chromeOptions: {debuggerAddress: localhost:53337}, javascriptEnabled: true, networkConnectionEnabled: false, pageLoadStrategy: normal, platform: WINDOWS, platformName: WINDOWS, proxy: Proxy(), setWindowRect: true, strictFileInteractability: false, timeouts: {implicit: 0, pageLoad: 300000, script: 30000}, unhandledPromptBehavior: dismiss and notify, webauthn:extension:credBlob: true, webauthn:extension:largeBlob: true, webauthn:extension:minPinLength: true, webauthn:extension:prf: true, webauthn:virtualAuthenticators: true}
Session ID: 190239341cc50d8da46ad3670f7367f6
	at org.openqa.selenium.remote.http.W3CHttpResponseCodec.createException(W3CHttpResponseCodec.java:187)
	at org.openqa.selenium.remote.http.W3CHttpResponseCodec.decode(W3CHttpResponseCodec.java:122)
	at org.openqa.selenium.remote.http.W3CHttpResponseCodec.decode(W3CHttpResponseCodec.java:49)
	at org.openqa.selenium.remote.HttpCommandExecutor.execute(HttpCommandExecutor.java:158)
	at org.openqa.selenium.remote.service.DriverCommandExecutor.execute(DriverCommandExecutor.java:83)
	at org.openqa.selenium.remote.RemoteWebDriver.execute(RemoteWebDriver.java:552)
	at org.openqa.selenium.remote.RemoteWebElement.execute(RemoteWebElement.java:285)
	at org.openqa.selenium.remote.RemoteWebElement.click(RemoteWebElement.java:84)
	at org.openqa.selenium.support.pagefactory.internal.LocatingElementHandler.invoke(LocatingElementHandler.java:51)
	at jdk.proxy2/jdk.proxy2.$Proxy14.click(Unknown Source)
	at fmswallet.Walletlogin.mobileno(Walletlogin.java:45)
	at goldsuvidha.redeemtestng.test1(redeemtestng.java:68)
	at java.base/java.util.ArrayList.forEach(ArrayList.java:1511)
... Removed 35 stack frames</pre></div><a href='#' onClick='toggleBox("stack-trace1756877039", this, "Click to show all stack frames", "Click to hide stack frames")'>Click to show all stack frames</a>
<div class='stack-trace' id='stack-trace1756877039'><pre>org.openqa.selenium.ElementClickInterceptedException: element click intercepted: Element &lt;button _ngcontent-qrr-c52=&quot;&quot; type=&quot;submit&quot; class=&quot;btn btn-primary btn-block btn-md&quot;&gt;...&lt;/button&gt; is not clickable at point (668, 326). Other element would receive the click: &lt;input _ngcontent-qrr-c52=&quot;&quot; formcontrolname=&quot;email&quot; type=&quot;text&quot; placeholder=&quot;Email / mobile number&quot; required=&quot;&quot; autofocus=&quot;&quot; tabindex=&quot;1&quot; class=&quot;form-control ng-dirty ng-valid ng-touched&quot;&gt;
  (Session info: chrome=112.0.5615.138)
Build info: version: &apos;3.141.59&apos;, revision: &apos;e82be7d358&apos;, time: &apos;2018-11-14T08:17:03&apos;
System info: host: &apos;DESKTOP-4S0UVB3&apos;, ip: &apos;192.168.20.208&apos;, os.name: &apos;Windows 10&apos;, os.arch: &apos;amd64&apos;, os.version: &apos;10.0&apos;, java.version: &apos;17.0.6&apos;
Driver info: org.openqa.selenium.chrome.ChromeDriver
Capabilities {acceptInsecureCerts: false, browserName: chrome, browserVersion: 112.0.5615.138, chrome: {chromedriverVersion: 111.0.5563.64 (c710e93d5b63..., userDataDir: C:\Users\Admin\AppData\Loca...}, goog:chromeOptions: {debuggerAddress: localhost:53337}, javascriptEnabled: true, networkConnectionEnabled: false, pageLoadStrategy: normal, platform: WINDOWS, platformName: WINDOWS, proxy: Proxy(), setWindowRect: true, strictFileInteractability: false, timeouts: {implicit: 0, pageLoad: 300000, script: 30000}, unhandledPromptBehavior: dismiss and notify, webauthn:extension:credBlob: true, webauthn:extension:largeBlob: true, webauthn:extension:minPinLength: true, webauthn:extension:prf: true, webauthn:virtualAuthenticators: true}
Session ID: 190239341cc50d8da46ad3670f7367f6
	at java.base/jdk.internal.reflect.NativeConstructorAccessorImpl.newInstance0(Native Method)
	at java.base/jdk.internal.reflect.NativeConstructorAccessorImpl.newInstance(NativeConstructorAccessorImpl.java:77)
	at java.base/jdk.internal.reflect.DelegatingConstructorAccessorImpl.newInstance(DelegatingConstructorAccessorImpl.java:45)
	at java.base/java.lang.reflect.Constructor.newInstanceWithCaller(Constructor.java:499)
	at java.base/java.lang.reflect.Constructor.newInstance(Constructor.java:480)
	at org.openqa.selenium.remote.http.W3CHttpResponseCodec.createException(W3CHttpResponseCodec.java:187)
	at org.openqa.selenium.remote.http.W3CHttpResponseCodec.decode(W3CHttpResponseCodec.java:122)
	at org.openqa.selenium.remote.http.W3CHttpResponseCodec.decode(W3CHttpResponseCodec.java:49)
	at org.openqa.selenium.remote.HttpCommandExecutor.execute(HttpCommandExecutor.java:158)
	at org.openqa.selenium.remote.service.DriverCommandExecutor.execute(DriverCommandExecutor.java:83)
	at org.openqa.selenium.remote.RemoteWebDriver.execute(RemoteWebDriver.java:552)
	at org.openqa.selenium.remote.RemoteWebElement.execute(RemoteWebElement.java:285)
	at org.openqa.selenium.remote.RemoteWebElement.click(RemoteWebElement.java:84)
	at jdk.internal.reflect.GeneratedMethodAccessor1.invoke(Unknown Source)
	at java.base/jdk.internal.reflect.DelegatingMethodAccessorImpl.invoke(DelegatingMethodAccessorImpl.java:43)
	at java.base/java.lang.reflect.Method.invoke(Method.java:568)
	at org.openqa.selenium.support.pagefactory.internal.LocatingElementHandler.invoke(LocatingElementHandler.java:51)
	at jdk.proxy2/jdk.proxy2.$Proxy14.click(Unknown Source)
	at fmswallet.Walletlogin.mobileno(Walletlogin.java:45)
	at goldsuvidha.redeemtestng.test1(redeemtestng.java:68)
	at java.base/jdk.internal.reflect.NativeMethodAccessorImpl.invoke0(Native Method)
	at java.base/jdk.internal.reflect.NativeMethodAccessorImpl.invoke(NativeMethodAccessorImpl.java:77)
	at java.base/jdk.internal.reflect.DelegatingMethodAccessorImpl.invoke(DelegatingMethodAccessorImpl.java:43)
	at java.base/java.lang.reflect.Method.invoke(Method.java:568)
	at org.testng.internal.MethodInvocationHelper.invokeMethod(MethodInvocationHelper.java:133)
	at org.testng.internal.TestInvoker.invokeMethod(TestInvoker.java:598)
	at org.testng.internal.TestInvoker.invokeTestMethod(TestInvoker.java:173)
	at org.testng.internal.MethodRunner.runInSequence(MethodRunner.java:46)
	at org.testng.internal.TestInvoker$MethodInvocationAgent.invoke(TestInvoker.java:824)
	at org.testng.internal.TestInvoker.invokeTestMethods(TestInvoker.java:146)
	at org.testng.internal.TestMethodWorker.invokeTestMethods(TestMethodWorker.java:146)
	at org.testng.internal.TestMethodWorker.run(TestMethodWorker.java:128)
	at java.base/java.util.ArrayList.forEach(ArrayList.java:1511)
	at org.testng.TestRunner.privateRun(TestRunner.java:794)
	at org.testng.TestRunner.run(TestRunner.java:596)
	at org.testng.SuiteRunner.runTest(SuiteRunner.java:377)
	at org.testng.SuiteRunner.runSequentially(SuiteRunner.java:371)
	at org.testng.SuiteRunner.privateRun(SuiteRunner.java:332)
	at org.testng.SuiteRunner.run(SuiteRunner.java:276)
	at org.testng.SuiteRunnerWorker.runSuite(SuiteRunnerWorker.java:53)
	at org.testng.SuiteRunnerWorker.run(SuiteRunnerWorker.java:96)
	at org.testng.TestNG.runSuitesSequentially(TestNG.java:1212)
	at org.testng.TestNG.runSuitesLocally(TestNG.java:1134)
	at org.testng.TestNG.runSuites(TestNG.java:1063)
	at org.testng.TestNG.run(TestNG.java:1031)
	at org.testng.remote.AbstractRemoteTestNG.run(AbstractRemoteTestNG.java:115)
	at org.testng.remote.RemoteTestNG.initAndRun(RemoteTestNG.java:251)
	at org.testng.remote.RemoteTestNG.main(RemoteTestNG.java:77)
</pre></div></td>
<td>4</td>
<td>goldsuvidha.redeemtestng@1a18644</td></tr>
</table><p>
<table width='100%' border='1' class='invocation-passed'>
<tr><td colspan='4' align='center'><b>PASSED TESTS</b></td></tr>
<tr><td><b>Test method</b></td>
<td width="30%"><b>Exception</b></td>
<td width="10%"><b>Time (seconds)</b></td>
<td><b>Instance</b></td>
</tr>
<tr>
<td title='goldsuvidha.Buygold.test1()'><b>test1</b><br>Test class: goldsuvidha.Buygold</td>
<td></td>
<td>43</td>
<td>goldsuvidha.Buygold@1da2cb77</td></tr>
<tr>
<td title='sprinttestng.scheambookaccounttestng.test1()'><b>test1</b><br>Test class: sprinttestng.scheambookaccounttestng</td>
<td></td>
<td>38</td>
<td>sprinttestng.scheambookaccounttestng@6283d8b8</td></tr>
<tr>
<td title='goldsuvidha.buygoldbacctestng.test1()'><b>test1</b><br>Test class: goldsuvidha.buygoldbacctestng</td>
<td></td>
<td>32</td>
<td>goldsuvidha.buygoldbacctestng@a530d0a</td></tr>
<tr>
<td title='goldsuvidha.Sellgoldtestng.test2()'><b>test2</b><br>Test class: goldsuvidha.Sellgoldtestng</td>
<td></td>
<td>35</td>
<td>goldsuvidha.Sellgoldtestng@5acf93bb</td></tr>
<tr>
<td title='sprinttestng.Scheamtestng.test()'><b>test</b><br>Test class: sprinttestng.Scheamtestng</td>
<td></td>
<td>30</td>
<td>sprinttestng.Scheamtestng@22ef9844</td></tr>
<tr>
<td title='Bookingacc.addmoneytestng.test()'><b>test</b><br>Test class: Bookingacc.addmoneytestng</td>
<td></td>
<td>44</td>
<td>Bookingacc.addmoneytestng@3b6ddd1d</td></tr>
<tr>
<td title='Eventtest.eventtestng.test1()'><b>test1</b><br>Test class: Eventtest.eventtestng</td>
<td></td>
<td>25</td>
<td>Eventtest.eventtestng@614ca7df</td></tr>
<tr>
<td title='Bookingacc.withdramoney.test()'><b>test</b><br>Test class: Bookingacc.withdramoney</td>
<td></td>
<td>13</td>
<td>Bookingacc.withdramoney@3f6b0be5</td></tr>
<tr>
<td title='dashboard.dashboardtestng.test()'><b>test</b><br>Test class: dashboard.dashboardtestng</td>
<td></td>
<td>17</td>
<td>dashboard.dashboardtestng@611889f4</td></tr>
<tr>
<td title='Eventtest.marrigetestng.test1()'><b>test1</b><br>Test class: Eventtest.marrigetestng</td>
<td></td>
<td>39</td>
<td>Eventtest.marrigetestng@4738a206</td></tr>
<tr>
<td title='sprinttestng.logouttestng.test2()'><b>test2</b><br>Test class: sprinttestng.logouttestng</td>
<td></td>
<td>8</td>
<td>sprinttestng.logouttestng@4229bb3f</td></tr>
<tr>
<td title='passbook.passbooktestng.test()'><b>test</b><br>Test class: passbook.passbooktestng</td>
<td></td>
<td>18</td>
<td>passbook.passbooktestng@6cd28fa7</td></tr>
<tr>
<td title='goldsuvidha.transfertestng.test1()'><b>test1</b><br>Test class: goldsuvidha.transfertestng</td>
<td></td>
<td>12</td>
<td>goldsuvidha.transfertestng@7e7be63f</td></tr>
</table><p>
</body>
</html>